[2023-07-30 17:48:11,527] 	INFO 	20 	id_data.py 	<module>() 	ID Data Started
[2023-07-30 17:48:12,031] 	ERROR 	33 	id_data.py 	<module>() 	Error occurred during ID Data process. Error: Expecting value: line 1 column 1 (char 0)
Traceback (most recent call last):
  File "C:\Users\Admin\Documents\Projects\Retro-Data\env\lib\site-packages\requests\models.py", line 971, in json
    return complexjson.loads(self.text, **kwargs)
  File "C:\Users\Admin\Documents\Projects\Retro-Data\env\lib\json\__init__.py", line 357, in loads
    return _default_decoder.decode(s)
  File "C:\Users\Admin\Documents\Projects\Retro-Data\env\lib\json\decoder.py", line 337, in decode
    obj, end = self.raw_decode(s, idx=_w(s, 0).end())
  File "C:\Users\Admin\Documents\Projects\Retro-Data\env\lib\json\decoder.py", line 355, in raw_decode
    raise JSONDecodeError("Expecting value", s, err.value) from None
json.decoder.JSONDecodeError: Expecting value: line 1 column 1 (char 0)

During handling of the above exception, another exception occurred:

Traceback (most recent call last):
  File "id_data.py", line 27, in <module>
    data = response.json()["data"]
  File "C:\Users\Admin\Documents\Projects\Retro-Data\env\lib\site-packages\requests\models.py", line 975, in json
    raise RequestsJSONDecodeError(e.msg, e.doc, e.pos)
requests.exceptions.JSONDecodeError: Expecting value: line 1 column 1 (char 0)
[2023-07-30 17:48:53,398] 	INFO 	20 	id_data.py 	<module>() 	ID Data Started
[2023-07-30 17:48:53,919] 	INFO 	31 	id_data.py 	<module>() 	ID Data Ended
[2023-07-30 13:55:06,364] 	INFO 	20 	id_data.py 	<module>() 	ID Data Started
[2023-07-30 13:55:06,819] 	INFO 	31 	id_data.py 	<module>() 	ID Data Ended
[2023-07-30 13:55:07,660] 	INFO 	79 	day_data.py 	<module>() 	Day Data Fusion Started
[2023-07-30 13:55:09,168] 	ERROR 	128 	day_data.py 	<module>() 	Error occurred during Day Data Fusion process. Error: Master
Traceback (most recent call last):
  File "/opt/hostedtoolcache/Python/3.8.17/x64/lib/python3.8/site-packages/gspread/spreadsheet.py", line 335, in worksheet
    item = finditem(
  File "/opt/hostedtoolcache/Python/3.8.17/x64/lib/python3.8/site-packages/gspread/utils.py", line 133, in finditem
    return next(item for item in seq if func(item))
StopIteration

During handling of the above exception, another exception occurred:

Traceback (most recent call last):
  File "day_data.py", line 116, in <module>
    worksheet1 = gs.worksheet("Master")
  File "/opt/hostedtoolcache/Python/3.8.17/x64/lib/python3.8/site-packages/gspread/spreadsheet.py", line 341, in worksheet
    raise WorksheetNotFound(title)
gspread.exceptions.WorksheetNotFound: Master
[2023-07-30 13:56:44,941] 	INFO 	20 	id_data.py 	<module>() 	ID Data Started
[2023-07-30 13:56:45,355] 	INFO 	31 	id_data.py 	<module>() 	ID Data Ended
[2023-07-30 13:56:45,864] 	INFO 	79 	day_data.py 	<module>() 	Day Data Fusion Started
[2023-07-30 13:56:48,900] 	INFO 	126 	day_data.py 	<module>() 	Day Data Fusion Ended
[2023-07-30 14:13:19,028] 	INFO 	20 	id_data.py 	<module>() 	ID Data Started
[2023-07-30 14:13:19,626] 	INFO 	31 	id_data.py 	<module>() 	ID Data Ended
[2023-07-30 14:13:20,166] 	INFO 	79 	day_data.py 	<module>() 	Day Data Fusion Started
[2023-07-30 14:13:22,632] 	INFO 	126 	day_data.py 	<module>() 	Day Data Fusion Ended
[2023-07-30 14:15:38,667] 	INFO 	20 	id_data.py 	<module>() 	ID Data Started
[2023-07-30 14:15:39,129] 	INFO 	31 	id_data.py 	<module>() 	ID Data Ended
[2023-07-30 15:15:12,637] 	INFO 	20 	id_data.py 	<module>() 	ID Data Started
[2023-07-30 15:15:12,946] 	INFO 	31 	id_data.py 	<module>() 	ID Data Ended
[2023-07-30 15:15:13,609] 	INFO 	79 	day_data.py 	<module>() 	Day Data Fusion Started
[2023-07-30 15:15:15,793] 	INFO 	126 	day_data.py 	<module>() 	Day Data Fusion Ended
[2023-07-30 15:36:21,936] 	INFO 	123 	pair_data.py 	<module>() 	Pair Data Fusion Started
[2023-07-30 15:36:33,288] 	INFO 	187 	pair_data.py 	<module>() 	Pair Data Fusion Ended
[2023-07-30 15:40:09,862] 	INFO 	20 	id_data.py 	<module>() 	ID Data Started
[2023-07-30 15:40:10,346] 	INFO 	31 	id_data.py 	<module>() 	ID Data Ended
[2023-07-30 15:40:11,138] 	INFO 	79 	day_data.py 	<module>() 	Day Data Fusion Started
[2023-07-30 15:40:31,590] 	INFO 	126 	day_data.py 	<module>() 	Day Data Fusion Ended
[2023-07-30 15:43:39,763] 	INFO 	20 	id_data.py 	<module>() 	ID Data Started
[2023-07-30 15:43:40,439] 	INFO 	31 	id_data.py 	<module>() 	ID Data Ended
[2023-07-30 15:43:41,126] 	INFO 	79 	day_data.py 	<module>() 	Day Data Fusion Started
[2023-07-30 15:43:43,891] 	INFO 	126 	day_data.py 	<module>() 	Day Data Fusion Ended
[2023-07-30 15:43:45,053] 	INFO 	123 	pair_data.py 	<module>() 	Pair Data Fusion Started
[2023-07-30 15:43:56,941] 	INFO 	187 	pair_data.py 	<module>() 	Pair Data Fusion Ended
[2023-07-30 16:19:33,497] 	INFO 	20 	id_data.py 	<module>() 	ID Data Started
[2023-07-30 16:19:33,817] 	INFO 	31 	id_data.py 	<module>() 	ID Data Ended
[2023-07-30 16:19:34,470] 	INFO 	79 	day_data.py 	<module>() 	Day Data Fusion Started
[2023-07-30 16:19:36,651] 	INFO 	126 	day_data.py 	<module>() 	Day Data Fusion Ended
[2023-07-30 16:19:37,994] 	INFO 	123 	pair_data.py 	<module>() 	Pair Data Fusion Started
[2023-07-30 16:19:48,574] 	INFO 	187 	pair_data.py 	<module>() 	Pair Data Fusion Ended
[2023-07-30 16:26:21,243] 	INFO 	123 	pair_data.py 	<module>() 	Pair Data Fusion Started
[2023-07-30 16:26:31,703] 	INFO 	187 	pair_data.py 	<module>() 	Pair Data Fusion Ended
[2023-07-30 16:56:48,805] 	INFO 	123 	pair_data.py 	<module>() 	Pair Data Fusion Started
[2023-07-30 16:56:59,189] 	INFO 	187 	pair_data.py 	<module>() 	Pair Data Fusion Ended
[2023-07-30 17:13:31,078] 	INFO 	20 	id_data.py 	<module>() 	ID Data Started
[2023-07-30 17:13:31,569] 	INFO 	31 	id_data.py 	<module>() 	ID Data Ended
[2023-07-30 17:13:32,282] 	INFO 	79 	day_data.py 	<module>() 	Day Data Fusion Started
[2023-07-30 17:13:34,777] 	INFO 	126 	day_data.py 	<module>() 	Day Data Fusion Ended
[2023-07-30 17:13:36,072] 	INFO 	123 	pair_data.py 	<module>() 	Pair Data Fusion Started
[2023-07-30 17:13:47,611] 	INFO 	187 	pair_data.py 	<module>() 	Pair Data Fusion Ended
[2023-07-30 18:19:11,504] 	INFO 	20 	id_data.py 	<module>() 	ID Data Started
[2023-07-30 18:19:11,828] 	INFO 	31 	id_data.py 	<module>() 	ID Data Ended
[2023-07-30 18:19:12,619] 	INFO 	79 	day_data.py 	<module>() 	Day Data Fusion Started
[2023-07-30 18:19:15,296] 	INFO 	126 	day_data.py 	<module>() 	Day Data Fusion Ended
[2023-07-30 18:19:16,693] 	INFO 	123 	pair_data.py 	<module>() 	Pair Data Fusion Started
[2023-07-30 18:19:28,172] 	INFO 	187 	pair_data.py 	<module>() 	Pair Data Fusion Ended
[2023-07-30 19:12:10,629] 	INFO 	20 	id_data.py 	<module>() 	ID Data Started
[2023-07-30 19:12:11,098] 	INFO 	31 	id_data.py 	<module>() 	ID Data Ended
[2023-07-30 19:12:11,806] 	INFO 	79 	day_data.py 	<module>() 	Day Data Fusion Started
[2023-07-30 19:12:13,928] 	INFO 	126 	day_data.py 	<module>() 	Day Data Fusion Ended
[2023-07-30 19:12:15,233] 	INFO 	123 	pair_data.py 	<module>() 	Pair Data Fusion Started
[2023-07-30 19:12:26,385] 	INFO 	187 	pair_data.py 	<module>() 	Pair Data Fusion Ended
[2023-07-30 20:15:41,189] 	INFO 	20 	id_data.py 	<module>() 	ID Data Started
[2023-07-30 20:15:41,553] 	INFO 	31 	id_data.py 	<module>() 	ID Data Ended
[2023-07-30 20:15:42,121] 	INFO 	79 	day_data.py 	<module>() 	Day Data Fusion Started
[2023-07-30 20:15:44,144] 	INFO 	126 	day_data.py 	<module>() 	Day Data Fusion Ended
[2023-07-30 20:15:45,239] 	INFO 	123 	pair_data.py 	<module>() 	Pair Data Fusion Started
[2023-07-30 20:15:55,875] 	INFO 	187 	pair_data.py 	<module>() 	Pair Data Fusion Ended
[2023-07-30 21:13:23,839] 	INFO 	20 	id_data.py 	<module>() 	ID Data Started
[2023-07-30 21:13:24,063] 	INFO 	31 	id_data.py 	<module>() 	ID Data Ended
[2023-07-30 21:13:24,676] 	INFO 	79 	day_data.py 	<module>() 	Day Data Fusion Started
[2023-07-30 21:13:26,575] 	INFO 	126 	day_data.py 	<module>() 	Day Data Fusion Ended
[2023-07-30 21:13:27,649] 	INFO 	123 	pair_data.py 	<module>() 	Pair Data Fusion Started
[2023-07-30 21:13:39,005] 	INFO 	187 	pair_data.py 	<module>() 	Pair Data Fusion Ended
[2023-07-30 21:36:11,739] 	INFO 	38 	bribe_data.py 	<module>() 	Bribe Data Started
[2023-07-30 21:36:53,630] 	INFO 	139 	bribe_data.py 	<module>() 	Bribe Data Ended
[2023-07-30 22:14:44,890] 	INFO 	20 	id_data.py 	<module>() 	ID Data Started
[2023-07-30 22:14:45,318] 	INFO 	31 	id_data.py 	<module>() 	ID Data Ended
[2023-07-30 22:14:46,071] 	INFO 	79 	day_data.py 	<module>() 	Day Data Fusion Started
[2023-07-30 22:14:48,889] 	INFO 	126 	day_data.py 	<module>() 	Day Data Fusion Ended
[2023-07-30 22:14:50,358] 	INFO 	123 	pair_data.py 	<module>() 	Pair Data Fusion Started
[2023-07-30 22:15:01,314] 	INFO 	187 	pair_data.py 	<module>() 	Pair Data Fusion Ended
[2023-07-30 22:15:02,182] 	INFO 	38 	bribe_data.py 	<module>() 	Bribe Data Started
[2023-07-30 22:16:04,357] 	INFO 	139 	bribe_data.py 	<module>() 	Bribe Data Ended
[2023-07-30 23:15:30,941] 	INFO 	20 	id_data.py 	<module>() 	ID Data Started
[2023-07-30 23:15:31,454] 	INFO 	31 	id_data.py 	<module>() 	ID Data Ended
[2023-07-30 23:15:32,204] 	INFO 	79 	day_data.py 	<module>() 	Day Data Fusion Started
[2023-07-30 23:15:35,249] 	INFO 	126 	day_data.py 	<module>() 	Day Data Fusion Ended
[2023-07-30 23:15:36,504] 	INFO 	123 	pair_data.py 	<module>() 	Pair Data Fusion Started
[2023-07-30 23:15:49,726] 	INFO 	187 	pair_data.py 	<module>() 	Pair Data Fusion Ended
[2023-07-30 23:15:50,710] 	INFO 	38 	bribe_data.py 	<module>() 	Bribe Data Started
[2023-07-30 23:16:36,627] 	INFO 	139 	bribe_data.py 	<module>() 	Bribe Data Ended
[2023-07-31 01:24:23,103] 	INFO 	20 	id_data.py 	<module>() 	ID Data Started
[2023-07-31 01:24:23,585] 	INFO 	31 	id_data.py 	<module>() 	ID Data Ended
[2023-07-31 01:24:24,230] 	INFO 	79 	day_data.py 	<module>() 	Day Data Fusion Started
[2023-07-31 01:24:27,659] 	INFO 	126 	day_data.py 	<module>() 	Day Data Fusion Ended
[2023-07-31 01:24:28,852] 	INFO 	123 	pair_data.py 	<module>() 	Pair Data Fusion Started
[2023-07-31 01:24:40,941] 	INFO 	187 	pair_data.py 	<module>() 	Pair Data Fusion Ended
[2023-07-31 01:24:41,832] 	INFO 	38 	bribe_data.py 	<module>() 	Bribe Data Started
[2023-07-31 01:25:43,710] 	INFO 	139 	bribe_data.py 	<module>() 	Bribe Data Ended
[2023-07-31 02:33:23,857] 	INFO 	20 	id_data.py 	<module>() 	ID Data Started
[2023-07-31 02:33:24,289] 	INFO 	31 	id_data.py 	<module>() 	ID Data Ended
[2023-07-31 02:33:24,930] 	INFO 	79 	day_data.py 	<module>() 	Day Data Fusion Started
[2023-07-31 02:33:28,278] 	INFO 	126 	day_data.py 	<module>() 	Day Data Fusion Ended
[2023-07-31 02:33:29,348] 	INFO 	123 	pair_data.py 	<module>() 	Pair Data Fusion Started
[2023-07-31 02:33:41,447] 	INFO 	187 	pair_data.py 	<module>() 	Pair Data Fusion Ended
[2023-07-31 02:33:42,447] 	INFO 	38 	bribe_data.py 	<module>() 	Bribe Data Started
[2023-07-31 02:34:43,928] 	INFO 	139 	bribe_data.py 	<module>() 	Bribe Data Ended
[2023-07-31 03:17:10,619] 	INFO 	20 	id_data.py 	<module>() 	ID Data Started
[2023-07-31 03:17:10,984] 	INFO 	31 	id_data.py 	<module>() 	ID Data Ended
[2023-07-31 03:17:11,576] 	INFO 	79 	day_data.py 	<module>() 	Day Data Fusion Started
[2023-07-31 03:17:13,842] 	INFO 	126 	day_data.py 	<module>() 	Day Data Fusion Ended
[2023-07-31 03:17:14,848] 	INFO 	123 	pair_data.py 	<module>() 	Pair Data Fusion Started
[2023-07-31 03:17:24,495] 	INFO 	187 	pair_data.py 	<module>() 	Pair Data Fusion Ended
[2023-07-31 03:17:25,426] 	INFO 	38 	bribe_data.py 	<module>() 	Bribe Data Started
[2023-07-31 03:18:03,922] 	INFO 	139 	bribe_data.py 	<module>() 	Bribe Data Ended
[2023-07-31 04:19:46,475] 	INFO 	20 	id_data.py 	<module>() 	ID Data Started
[2023-07-31 04:19:46,976] 	INFO 	31 	id_data.py 	<module>() 	ID Data Ended
[2023-07-31 04:19:47,671] 	INFO 	79 	day_data.py 	<module>() 	Day Data Fusion Started
[2023-07-31 04:19:49,534] 	INFO 	126 	day_data.py 	<module>() 	Day Data Fusion Ended
[2023-07-31 04:19:50,802] 	INFO 	123 	pair_data.py 	<module>() 	Pair Data Fusion Started
[2023-07-31 04:20:00,342] 	INFO 	187 	pair_data.py 	<module>() 	Pair Data Fusion Ended
[2023-07-31 04:20:01,259] 	INFO 	38 	bribe_data.py 	<module>() 	Bribe Data Started
[2023-07-31 04:20:37,719] 	INFO 	139 	bribe_data.py 	<module>() 	Bribe Data Ended
[2023-07-31 05:15:53,033] 	INFO 	20 	id_data.py 	<module>() 	ID Data Started
[2023-07-31 05:15:53,449] 	INFO 	31 	id_data.py 	<module>() 	ID Data Ended
[2023-07-31 05:15:54,114] 	INFO 	79 	day_data.py 	<module>() 	Day Data Fusion Started
[2023-07-31 05:15:56,780] 	INFO 	126 	day_data.py 	<module>() 	Day Data Fusion Ended
[2023-07-31 05:15:57,875] 	INFO 	123 	pair_data.py 	<module>() 	Pair Data Fusion Started
[2023-07-31 05:16:09,066] 	INFO 	187 	pair_data.py 	<module>() 	Pair Data Fusion Ended
[2023-07-31 05:16:10,222] 	INFO 	38 	bribe_data.py 	<module>() 	Bribe Data Started
[2023-07-31 05:16:53,463] 	INFO 	139 	bribe_data.py 	<module>() 	Bribe Data Ended
[2023-07-31 06:22:18,652] 	INFO 	20 	id_data.py 	<module>() 	ID Data Started
[2023-07-31 06:22:19,419] 	INFO 	31 	id_data.py 	<module>() 	ID Data Ended
[2023-07-31 06:22:20,042] 	INFO 	79 	day_data.py 	<module>() 	Day Data Fusion Started
[2023-07-31 06:22:22,629] 	INFO 	126 	day_data.py 	<module>() 	Day Data Fusion Ended
[2023-07-31 06:22:23,851] 	INFO 	123 	pair_data.py 	<module>() 	Pair Data Fusion Started
[2023-07-31 06:22:35,477] 	INFO 	187 	pair_data.py 	<module>() 	Pair Data Fusion Ended
[2023-07-31 06:22:36,396] 	INFO 	38 	bribe_data.py 	<module>() 	Bribe Data Started
[2023-07-31 06:23:32,975] 	INFO 	139 	bribe_data.py 	<module>() 	Bribe Data Ended
[2023-07-31 07:15:57,871] 	INFO 	20 	id_data.py 	<module>() 	ID Data Started
[2023-07-31 07:15:58,353] 	INFO 	31 	id_data.py 	<module>() 	ID Data Ended
[2023-07-31 07:15:59,208] 	INFO 	79 	day_data.py 	<module>() 	Day Data Fusion Started
[2023-07-31 07:16:02,655] 	INFO 	126 	day_data.py 	<module>() 	Day Data Fusion Ended
[2023-07-31 07:16:04,027] 	INFO 	123 	pair_data.py 	<module>() 	Pair Data Fusion Started
[2023-07-31 07:16:16,482] 	INFO 	187 	pair_data.py 	<module>() 	Pair Data Fusion Ended
[2023-07-31 07:16:17,678] 	INFO 	38 	bribe_data.py 	<module>() 	Bribe Data Started
[2023-07-31 07:16:59,429] 	INFO 	139 	bribe_data.py 	<module>() 	Bribe Data Ended
[2023-07-31 08:01:14,003] 	INFO 	38 	fee_data.py 	<module>() 	Fee Data Started
[2023-07-31 08:01:50,352] 	INFO 	137 	fee_data.py 	<module>() 	Fee Data Ended
[2023-07-31 08:05:16,750] 	INFO 	20 	id_data.py 	<module>() 	ID Data Started
[2023-07-31 08:05:17,280] 	INFO 	31 	id_data.py 	<module>() 	ID Data Ended
[2023-07-31 08:05:17,953] 	INFO 	79 	day_data.py 	<module>() 	Day Data Fusion Started
[2023-07-31 08:05:20,222] 	INFO 	126 	day_data.py 	<module>() 	Day Data Fusion Ended
[2023-07-31 08:05:21,455] 	INFO 	123 	pair_data.py 	<module>() 	Pair Data Fusion Started
[2023-07-31 08:05:32,097] 	INFO 	187 	pair_data.py 	<module>() 	Pair Data Fusion Ended
[2023-07-31 08:05:32,988] 	INFO 	38 	bribe_data.py 	<module>() 	Bribe Data Started
[2023-07-31 08:06:11,448] 	INFO 	137 	bribe_data.py 	<module>() 	Bribe Data Ended
[2023-07-31 08:06:12,368] 	INFO 	38 	fee_data.py 	<module>() 	Fee Data Started
[2023-07-31 08:06:49,600] 	ERROR 	139 	fee_data.py 	<module>() 	Error occurred during Fee Data process. Error: No columns to parse from file
Traceback (most recent call last):
  File "fee_data.py", line 112, in <module>
    feeor = pd.read_csv(fee_csv)
  File "/opt/hostedtoolcache/Python/3.8.17/x64/lib/python3.8/site-packages/pandas/util/_decorators.py", line 211, in wrapper
    return func(*args, **kwargs)
  File "/opt/hostedtoolcache/Python/3.8.17/x64/lib/python3.8/site-packages/pandas/util/_decorators.py", line 331, in wrapper
    return func(*args, **kwargs)
  File "/opt/hostedtoolcache/Python/3.8.17/x64/lib/python3.8/site-packages/pandas/io/parsers/readers.py", line 950, in read_csv
    return _read(filepath_or_buffer, kwds)
  File "/opt/hostedtoolcache/Python/3.8.17/x64/lib/python3.8/site-packages/pandas/io/parsers/readers.py", line 605, in _read
    parser = TextFileReader(filepath_or_buffer, **kwds)
  File "/opt/hostedtoolcache/Python/3.8.17/x64/lib/python3.8/site-packages/pandas/io/parsers/readers.py", line 1442, in __init__
    self._engine = self._make_engine(f, self.engine)
  File "/opt/hostedtoolcache/Python/3.8.17/x64/lib/python3.8/site-packages/pandas/io/parsers/readers.py", line 1753, in _make_engine
    return mapping[engine](f, **self.options)
  File "/opt/hostedtoolcache/Python/3.8.17/x64/lib/python3.8/site-packages/pandas/io/parsers/c_parser_wrapper.py", line 79, in __init__
    self._reader = parsers.TextReader(src, **kwds)
  File "pandas/_libs/parsers.pyx", line 554, in pandas._libs.parsers.TextReader.__cinit__
pandas.errors.EmptyDataError: No columns to parse from file
[2023-07-31 08:11:26,388] 	INFO 	38 	fee_data.py 	<module>() 	Fee Data Started
[2023-07-31 08:12:02,928] 	INFO 	137 	fee_data.py 	<module>() 	Fee Data Ended
